{"timestamp": null, "name": "root", "message": "\u041c\u043e\u0434\u0435\u043b\u044c \u0437\u0430\u0433\u0440\u0443\u0436\u0435\u043d\u0430 \u0443\u0441\u043f\u0435\u0448\u043d\u043e", "lineno": 48, "level": "INFO", "path": "/app/app/main.py"}
{"timestamp": null, "name": "src.preprocess", "message": "\u0417\u0430\u0433\u0440\u0443\u0436\u0435\u043d\u043e 151 \u0441\u0442\u043e\u043f-\u0441\u043b\u043e\u0432", "lineno": 85, "level": "INFO", "path": "/app/src/preprocess.py"}
{"timestamp": null, "name": "src.preprocess", "message": "\u0418\u043d\u0438\u0446\u0438\u0430\u043b\u0438\u0437\u0430\u0446\u0438\u044f \u043f\u0440\u043e\u0441\u0442\u043e\u0433\u043e \u0441\u0442\u0435\u043c\u043c\u0435\u0440\u0430...", "lineno": 93, "level": "INFO", "path": "/app/src/preprocess.py"}
{"timestamp": null, "name": "src.preprocess", "message": "\u0421\u0442\u0435\u043c\u043c\u0435\u0440 \u0438\u043d\u0438\u0446\u0438\u0430\u043b\u0438\u0437\u0438\u0440\u043e\u0432\u0430\u043d", "lineno": 95, "level": "INFO", "path": "/app/src/preprocess.py"}
{"timestamp": null, "name": "app.middleware", "message": "CORS middleware enabled", "lineno": 160, "level": "INFO", "path": "/app/app/middleware.py"}
{"timestamp": null, "name": "app.middleware", "message": "Metrics server started on port 9090", "lineno": 227, "level": "INFO", "path": "/app/app/middleware.py"}
{"timestamp": null, "name": "app.middleware", "message": "Caching middleware enabled", "lineno": 255, "level": "INFO", "path": "/app/app/middleware.py"}
{"timestamp": null, "name": "root", "message": "\u041c\u043e\u0434\u0435\u043b\u044c \u0437\u0430\u0433\u0440\u0443\u0436\u0435\u043d\u0430 \u0443\u0441\u043f\u0435\u0448\u043d\u043e", "lineno": 48, "level": "INFO", "path": "/app/app/main.py"}
{"timestamp": null, "name": "src.preprocess", "message": "\u0417\u0430\u0433\u0440\u0443\u0436\u0435\u043d\u043e 151 \u0441\u0442\u043e\u043f-\u0441\u043b\u043e\u0432", "lineno": 85, "level": "INFO", "path": "/app/src/preprocess.py"}
{"timestamp": null, "name": "src.preprocess", "message": "\u0418\u043d\u0438\u0446\u0438\u0430\u043b\u0438\u0437\u0430\u0446\u0438\u044f \u043f\u0440\u043e\u0441\u0442\u043e\u0433\u043e \u0441\u0442\u0435\u043c\u043c\u0435\u0440\u0430...", "lineno": 93, "level": "INFO", "path": "/app/src/preprocess.py"}
{"timestamp": null, "name": "src.preprocess", "message": "\u0421\u0442\u0435\u043c\u043c\u0435\u0440 \u0438\u043d\u0438\u0446\u0438\u0430\u043b\u0438\u0437\u0438\u0440\u043e\u0432\u0430\u043d", "lineno": 95, "level": "INFO", "path": "/app/src/preprocess.py"}
{"timestamp": null, "name": "app.middleware", "message": "CORS middleware enabled", "lineno": 160, "level": "INFO", "path": "/app/app/middleware.py"}
{"timestamp": null, "name": "app.middleware", "message": "Metrics server started on port 9090", "lineno": 227, "level": "INFO", "path": "/app/app/middleware.py"}
{"timestamp": null, "name": "app.middleware", "message": "Caching middleware enabled", "lineno": 255, "level": "INFO", "path": "/app/app/middleware.py"}
{"timestamp": null, "name": "root", "message": "\u041c\u043e\u0434\u0435\u043b\u044c \u0437\u0430\u0433\u0440\u0443\u0436\u0435\u043d\u0430 \u0443\u0441\u043f\u0435\u0448\u043d\u043e", "lineno": 48, "level": "INFO", "path": "/app/app/main.py"}
{"timestamp": null, "name": "src.preprocess", "message": "\u0417\u0430\u0433\u0440\u0443\u0436\u0435\u043d\u043e 151 \u0441\u0442\u043e\u043f-\u0441\u043b\u043e\u0432", "lineno": 85, "level": "INFO", "path": "/app/src/preprocess.py"}
{"timestamp": null, "name": "src.preprocess", "message": "\u0418\u043d\u0438\u0446\u0438\u0430\u043b\u0438\u0437\u0430\u0446\u0438\u044f \u043f\u0440\u043e\u0441\u0442\u043e\u0433\u043e \u0441\u0442\u0435\u043c\u043c\u0435\u0440\u0430...", "lineno": 93, "level": "INFO", "path": "/app/src/preprocess.py"}
{"timestamp": null, "name": "src.preprocess", "message": "\u0421\u0442\u0435\u043c\u043c\u0435\u0440 \u0438\u043d\u0438\u0446\u0438\u0430\u043b\u0438\u0437\u0438\u0440\u043e\u0432\u0430\u043d", "lineno": 95, "level": "INFO", "path": "/app/src/preprocess.py"}
{"timestamp": null, "name": "app.middleware", "message": "CORS middleware enabled", "lineno": 160, "level": "INFO", "path": "/app/app/middleware.py"}
{"timestamp": null, "name": "app.middleware", "message": "Metrics server started on port 9090", "lineno": 227, "level": "INFO", "path": "/app/app/middleware.py"}
{"timestamp": null, "name": "app.middleware", "message": "Caching middleware enabled", "lineno": 255, "level": "INFO", "path": "/app/app/middleware.py"}
{"timestamp": null, "name": "root", "message": "\u041c\u043e\u0434\u0435\u043b\u044c \u0437\u0430\u0433\u0440\u0443\u0436\u0435\u043d\u0430 \u0443\u0441\u043f\u0435\u0448\u043d\u043e", "lineno": 48, "level": "INFO", "path": "/app/app/main.py"}
{"timestamp": null, "name": "src.preprocess", "message": "\u0417\u0430\u0433\u0440\u0443\u0436\u0435\u043d\u043e 151 \u0441\u0442\u043e\u043f-\u0441\u043b\u043e\u0432", "lineno": 85, "level": "INFO", "path": "/app/src/preprocess.py"}
{"timestamp": null, "name": "src.preprocess", "message": "\u0418\u043d\u0438\u0446\u0438\u0430\u043b\u0438\u0437\u0430\u0446\u0438\u044f \u043f\u0440\u043e\u0441\u0442\u043e\u0433\u043e \u0441\u0442\u0435\u043c\u043c\u0435\u0440\u0430...", "lineno": 93, "level": "INFO", "path": "/app/src/preprocess.py"}
{"timestamp": null, "name": "src.preprocess", "message": "\u0421\u0442\u0435\u043c\u043c\u0435\u0440 \u0438\u043d\u0438\u0446\u0438\u0430\u043b\u0438\u0437\u0438\u0440\u043e\u0432\u0430\u043d", "lineno": 95, "level": "INFO", "path": "/app/src/preprocess.py"}
{"timestamp": null, "name": "app.middleware", "message": "CORS middleware enabled", "lineno": 160, "level": "INFO", "path": "/app/app/middleware.py"}
{"timestamp": null, "name": "app.middleware", "message": "Metrics server started on port 9090", "lineno": 227, "level": "INFO", "path": "/app/app/middleware.py"}
{"timestamp": null, "name": "app.middleware", "message": "Caching middleware enabled", "lineno": 255, "level": "INFO", "path": "/app/app/middleware.py"}
{"timestamp": null, "name": "root", "message": "\u041c\u043e\u0434\u0435\u043b\u044c \u0437\u0430\u0433\u0440\u0443\u0436\u0435\u043d\u0430 \u0443\u0441\u043f\u0435\u0448\u043d\u043e", "lineno": 48, "level": "INFO", "path": "/app/app/main.py"}
{"timestamp": null, "name": "src.preprocess", "message": "\u0417\u0430\u0433\u0440\u0443\u0436\u0435\u043d\u043e 151 \u0441\u0442\u043e\u043f-\u0441\u043b\u043e\u0432", "lineno": 85, "level": "INFO", "path": "/app/src/preprocess.py"}
{"timestamp": null, "name": "src.preprocess", "message": "\u0418\u043d\u0438\u0446\u0438\u0430\u043b\u0438\u0437\u0430\u0446\u0438\u044f \u043f\u0440\u043e\u0441\u0442\u043e\u0433\u043e \u0441\u0442\u0435\u043c\u043c\u0435\u0440\u0430...", "lineno": 93, "level": "INFO", "path": "/app/src/preprocess.py"}
{"timestamp": null, "name": "src.preprocess", "message": "\u0421\u0442\u0435\u043c\u043c\u0435\u0440 \u0438\u043d\u0438\u0446\u0438\u0430\u043b\u0438\u0437\u0438\u0440\u043e\u0432\u0430\u043d", "lineno": 95, "level": "INFO", "path": "/app/src/preprocess.py"}
{"timestamp": null, "name": "app.middleware", "message": "CORS middleware enabled", "lineno": 160, "level": "INFO", "path": "/app/app/middleware.py"}
{"timestamp": null, "name": "app.middleware", "message": "Metrics server started on port 9090", "lineno": 227, "level": "INFO", "path": "/app/app/middleware.py"}
{"timestamp": null, "name": "app.middleware", "message": "Caching middleware enabled", "lineno": 255, "level": "INFO", "path": "/app/app/middleware.py"}
{"timestamp": null, "name": "root", "message": "\u041c\u043e\u0434\u0435\u043b\u044c \u0437\u0430\u0433\u0440\u0443\u0436\u0435\u043d\u0430 \u0443\u0441\u043f\u0435\u0448\u043d\u043e", "lineno": 48, "level": "INFO", "path": "/app/app/main.py"}
{"timestamp": null, "name": "src.preprocess", "message": "\u0417\u0430\u0433\u0440\u0443\u0436\u0435\u043d\u043e 151 \u0441\u0442\u043e\u043f-\u0441\u043b\u043e\u0432", "lineno": 85, "level": "INFO", "path": "/app/src/preprocess.py"}
{"timestamp": null, "name": "src.preprocess", "message": "\u0418\u043d\u0438\u0446\u0438\u0430\u043b\u0438\u0437\u0430\u0446\u0438\u044f \u043f\u0440\u043e\u0441\u0442\u043e\u0433\u043e \u0441\u0442\u0435\u043c\u043c\u0435\u0440\u0430...", "lineno": 93, "level": "INFO", "path": "/app/src/preprocess.py"}
{"timestamp": null, "name": "src.preprocess", "message": "\u0421\u0442\u0435\u043c\u043c\u0435\u0440 \u0438\u043d\u0438\u0446\u0438\u0430\u043b\u0438\u0437\u0438\u0440\u043e\u0432\u0430\u043d", "lineno": 95, "level": "INFO", "path": "/app/src/preprocess.py"}
{"timestamp": null, "name": "app.middleware", "message": "CORS middleware enabled", "lineno": 160, "level": "INFO", "path": "/app/app/middleware.py"}
{"timestamp": null, "name": "app.middleware", "message": "Metrics server started on port 9090", "lineno": 227, "level": "INFO", "path": "/app/app/middleware.py"}
{"timestamp": null, "name": "app.middleware", "message": "Caching middleware enabled", "lineno": 255, "level": "INFO", "path": "/app/app/middleware.py"}
{"timestamp": null, "name": "root", "message": "\u041c\u043e\u0434\u0435\u043b\u044c \u0437\u0430\u0433\u0440\u0443\u0436\u0435\u043d\u0430 \u0443\u0441\u043f\u0435\u0448\u043d\u043e", "lineno": 48, "level": "INFO", "path": "/app/app/main.py"}
{"timestamp": null, "name": "src.preprocess", "message": "\u0417\u0430\u0433\u0440\u0443\u0436\u0435\u043d\u043e 151 \u0441\u0442\u043e\u043f-\u0441\u043b\u043e\u0432", "lineno": 85, "level": "INFO", "path": "/app/src/preprocess.py"}
{"timestamp": null, "name": "src.preprocess", "message": "\u0418\u043d\u0438\u0446\u0438\u0430\u043b\u0438\u0437\u0430\u0446\u0438\u044f \u043f\u0440\u043e\u0441\u0442\u043e\u0433\u043e \u0441\u0442\u0435\u043c\u043c\u0435\u0440\u0430...", "lineno": 93, "level": "INFO", "path": "/app/src/preprocess.py"}
{"timestamp": null, "name": "src.preprocess", "message": "\u0421\u0442\u0435\u043c\u043c\u0435\u0440 \u0438\u043d\u0438\u0446\u0438\u0430\u043b\u0438\u0437\u0438\u0440\u043e\u0432\u0430\u043d", "lineno": 95, "level": "INFO", "path": "/app/src/preprocess.py"}
{"timestamp": null, "name": "app.middleware", "message": "CORS middleware enabled", "lineno": 160, "level": "INFO", "path": "/app/app/middleware.py"}
{"timestamp": null, "name": "app.middleware", "message": "Metrics server started on port 9090", "lineno": 227, "level": "INFO", "path": "/app/app/middleware.py"}
{"timestamp": null, "name": "app.middleware", "message": "Caching middleware enabled", "lineno": 255, "level": "INFO", "path": "/app/app/middleware.py"}
{"timestamp": null, "name": "root", "message": "\u041c\u043e\u0434\u0435\u043b\u044c \u0437\u0430\u0433\u0440\u0443\u0436\u0435\u043d\u0430 \u0443\u0441\u043f\u0435\u0448\u043d\u043e", "lineno": 48, "level": "INFO", "path": "/app/app/main.py"}
{"timestamp": null, "name": "src.preprocess", "message": "\u0417\u0430\u0433\u0440\u0443\u0436\u0435\u043d\u043e 151 \u0441\u0442\u043e\u043f-\u0441\u043b\u043e\u0432", "lineno": 85, "level": "INFO", "path": "/app/src/preprocess.py"}
{"timestamp": null, "name": "src.preprocess", "message": "\u0418\u043d\u0438\u0446\u0438\u0430\u043b\u0438\u0437\u0430\u0446\u0438\u044f \u043f\u0440\u043e\u0441\u0442\u043e\u0433\u043e \u0441\u0442\u0435\u043c\u043c\u0435\u0440\u0430...", "lineno": 93, "level": "INFO", "path": "/app/src/preprocess.py"}
{"timestamp": null, "name": "src.preprocess", "message": "\u0421\u0442\u0435\u043c\u043c\u0435\u0440 \u0438\u043d\u0438\u0446\u0438\u0430\u043b\u0438\u0437\u0438\u0440\u043e\u0432\u0430\u043d", "lineno": 95, "level": "INFO", "path": "/app/src/preprocess.py"}
{"timestamp": null, "name": "app.middleware", "message": "CORS middleware enabled", "lineno": 160, "level": "INFO", "path": "/app/app/middleware.py"}
{"timestamp": null, "name": "app.middleware", "message": "Metrics server started on port 9090", "lineno": 227, "level": "INFO", "path": "/app/app/middleware.py"}
{"timestamp": null, "name": "app.middleware", "message": "Caching middleware enabled", "lineno": 255, "level": "INFO", "path": "/app/app/middleware.py"}
{"timestamp": null, "name": "root", "message": "\u041c\u043e\u0434\u0435\u043b\u044c \u0437\u0430\u0433\u0440\u0443\u0436\u0435\u043d\u0430 \u0443\u0441\u043f\u0435\u0448\u043d\u043e", "lineno": 48, "level": "INFO", "path": "/app/app/main.py"}
{"timestamp": null, "name": "src.preprocess", "message": "\u0417\u0430\u0433\u0440\u0443\u0436\u0435\u043d\u043e 151 \u0441\u0442\u043e\u043f-\u0441\u043b\u043e\u0432", "lineno": 85, "level": "INFO", "path": "/app/src/preprocess.py"}
{"timestamp": null, "name": "src.preprocess", "message": "\u0418\u043d\u0438\u0446\u0438\u0430\u043b\u0438\u0437\u0430\u0446\u0438\u044f \u043f\u0440\u043e\u0441\u0442\u043e\u0433\u043e \u0441\u0442\u0435\u043c\u043c\u0435\u0440\u0430...", "lineno": 93, "level": "INFO", "path": "/app/src/preprocess.py"}
{"timestamp": null, "name": "src.preprocess", "message": "\u0421\u0442\u0435\u043c\u043c\u0435\u0440 \u0438\u043d\u0438\u0446\u0438\u0430\u043b\u0438\u0437\u0438\u0440\u043e\u0432\u0430\u043d", "lineno": 95, "level": "INFO", "path": "/app/src/preprocess.py"}
{"timestamp": null, "name": "app.middleware", "message": "CORS middleware enabled", "lineno": 160, "level": "INFO", "path": "/app/app/middleware.py"}
{"timestamp": null, "name": "app.middleware", "message": "Metrics server started on port 9090", "lineno": 227, "level": "INFO", "path": "/app/app/middleware.py"}
{"timestamp": null, "name": "app.middleware", "message": "Caching middleware enabled", "lineno": 255, "level": "INFO", "path": "/app/app/middleware.py"}
{"timestamp": null, "name": "root", "message": "\u041c\u043e\u0434\u0435\u043b\u044c \u0437\u0430\u0433\u0440\u0443\u0436\u0435\u043d\u0430 \u0443\u0441\u043f\u0435\u0448\u043d\u043e", "lineno": 48, "level": "INFO", "path": "/app/app/main.py"}
{"timestamp": null, "name": "src.preprocess", "message": "\u0417\u0430\u0433\u0440\u0443\u0436\u0435\u043d\u043e 151 \u0441\u0442\u043e\u043f-\u0441\u043b\u043e\u0432", "lineno": 85, "level": "INFO", "path": "/app/src/preprocess.py"}
{"timestamp": null, "name": "src.preprocess", "message": "\u0418\u043d\u0438\u0446\u0438\u0430\u043b\u0438\u0437\u0430\u0446\u0438\u044f \u043f\u0440\u043e\u0441\u0442\u043e\u0433\u043e \u0441\u0442\u0435\u043c\u043c\u0435\u0440\u0430...", "lineno": 93, "level": "INFO", "path": "/app/src/preprocess.py"}
{"timestamp": null, "name": "src.preprocess", "message": "\u0421\u0442\u0435\u043c\u043c\u0435\u0440 \u0438\u043d\u0438\u0446\u0438\u0430\u043b\u0438\u0437\u0438\u0440\u043e\u0432\u0430\u043d", "lineno": 95, "level": "INFO", "path": "/app/src/preprocess.py"}
{"timestamp": null, "name": "app.middleware", "message": "CORS middleware enabled", "lineno": 160, "level": "INFO", "path": "/app/app/middleware.py"}
{"timestamp": null, "name": "app.middleware", "message": "Metrics server started on port 9090", "lineno": 227, "level": "INFO", "path": "/app/app/middleware.py"}
{"timestamp": null, "name": "app.middleware", "message": "Caching middleware enabled", "lineno": 255, "level": "INFO", "path": "/app/app/middleware.py"}
{"timestamp": null, "name": "root", "message": "\u041c\u043e\u0434\u0435\u043b\u044c \u0437\u0430\u0433\u0440\u0443\u0436\u0435\u043d\u0430 \u0443\u0441\u043f\u0435\u0448\u043d\u043e", "lineno": 48, "level": "INFO", "path": "/app/app/main.py"}
{"timestamp": null, "name": "src.preprocess", "message": "\u0417\u0430\u0433\u0440\u0443\u0436\u0435\u043d\u043e 151 \u0441\u0442\u043e\u043f-\u0441\u043b\u043e\u0432", "lineno": 85, "level": "INFO", "path": "/app/src/preprocess.py"}
{"timestamp": null, "name": "src.preprocess", "message": "\u0418\u043d\u0438\u0446\u0438\u0430\u043b\u0438\u0437\u0430\u0446\u0438\u044f \u043f\u0440\u043e\u0441\u0442\u043e\u0433\u043e \u0441\u0442\u0435\u043c\u043c\u0435\u0440\u0430...", "lineno": 93, "level": "INFO", "path": "/app/src/preprocess.py"}
{"timestamp": null, "name": "src.preprocess", "message": "\u0421\u0442\u0435\u043c\u043c\u0435\u0440 \u0438\u043d\u0438\u0446\u0438\u0430\u043b\u0438\u0437\u0438\u0440\u043e\u0432\u0430\u043d", "lineno": 95, "level": "INFO", "path": "/app/src/preprocess.py"}
{"timestamp": null, "name": "app.middleware", "message": "CORS middleware enabled", "lineno": 160, "level": "INFO", "path": "/app/app/middleware.py"}
{"timestamp": null, "name": "app.middleware", "message": "Metrics server started on port 9090", "lineno": 227, "level": "INFO", "path": "/app/app/middleware.py"}
{"timestamp": null, "name": "app.middleware", "message": "Caching middleware enabled", "lineno": 255, "level": "INFO", "path": "/app/app/middleware.py"}
{"timestamp": null, "name": "root", "message": "\u041c\u043e\u0434\u0435\u043b\u044c \u0437\u0430\u0433\u0440\u0443\u0436\u0435\u043d\u0430 \u0443\u0441\u043f\u0435\u0448\u043d\u043e", "lineno": 48, "level": "INFO", "path": "/app/app/main.py"}
{"timestamp": null, "name": "src.preprocess", "message": "\u0417\u0430\u0433\u0440\u0443\u0436\u0435\u043d\u043e 151 \u0441\u0442\u043e\u043f-\u0441\u043b\u043e\u0432", "lineno": 85, "level": "INFO", "path": "/app/src/preprocess.py"}
{"timestamp": null, "name": "src.preprocess", "message": "\u0418\u043d\u0438\u0446\u0438\u0430\u043b\u0438\u0437\u0430\u0446\u0438\u044f \u043f\u0440\u043e\u0441\u0442\u043e\u0433\u043e \u0441\u0442\u0435\u043c\u043c\u0435\u0440\u0430...", "lineno": 93, "level": "INFO", "path": "/app/src/preprocess.py"}
{"timestamp": null, "name": "src.preprocess", "message": "\u0421\u0442\u0435\u043c\u043c\u0435\u0440 \u0438\u043d\u0438\u0446\u0438\u0430\u043b\u0438\u0437\u0438\u0440\u043e\u0432\u0430\u043d", "lineno": 95, "level": "INFO", "path": "/app/src/preprocess.py"}
{"timestamp": null, "name": "app.middleware", "message": "CORS middleware enabled", "lineno": 160, "level": "INFO", "path": "/app/app/middleware.py"}
{"timestamp": null, "name": "app.middleware", "message": "Metrics server started on port 9090", "lineno": 227, "level": "INFO", "path": "/app/app/middleware.py"}
{"timestamp": null, "name": "app.middleware", "message": "Caching middleware enabled", "lineno": 255, "level": "INFO", "path": "/app/app/middleware.py"}
{"timestamp": null, "name": "root", "message": "\u041c\u043e\u0434\u0435\u043b\u044c \u0437\u0430\u0433\u0440\u0443\u0436\u0435\u043d\u0430 \u0443\u0441\u043f\u0435\u0448\u043d\u043e", "lineno": 48, "level": "INFO", "path": "/app/app/main.py"}
{"timestamp": null, "name": "src.preprocess", "message": "\u0417\u0430\u0433\u0440\u0443\u0436\u0435\u043d\u043e 151 \u0441\u0442\u043e\u043f-\u0441\u043b\u043e\u0432", "lineno": 85, "level": "INFO", "path": "/app/src/preprocess.py"}
{"timestamp": null, "name": "src.preprocess", "message": "\u0418\u043d\u0438\u0446\u0438\u0430\u043b\u0438\u0437\u0430\u0446\u0438\u044f \u043f\u0440\u043e\u0441\u0442\u043e\u0433\u043e \u0441\u0442\u0435\u043c\u043c\u0435\u0440\u0430...", "lineno": 93, "level": "INFO", "path": "/app/src/preprocess.py"}
{"timestamp": null, "name": "src.preprocess", "message": "\u0421\u0442\u0435\u043c\u043c\u0435\u0440 \u0438\u043d\u0438\u0446\u0438\u0430\u043b\u0438\u0437\u0438\u0440\u043e\u0432\u0430\u043d", "lineno": 95, "level": "INFO", "path": "/app/src/preprocess.py"}
{"timestamp": null, "name": "app.middleware", "message": "CORS middleware enabled", "lineno": 160, "level": "INFO", "path": "/app/app/middleware.py"}
{"timestamp": null, "name": "app.middleware", "message": "Metrics server started on port 9090", "lineno": 227, "level": "INFO", "path": "/app/app/middleware.py"}
{"timestamp": null, "name": "app.middleware", "message": "Caching middleware enabled", "lineno": 255, "level": "INFO", "path": "/app/app/middleware.py"}
{"timestamp": null, "name": "root", "message": "\u041c\u043e\u0434\u0435\u043b\u044c \u0437\u0430\u0433\u0440\u0443\u0436\u0435\u043d\u0430 \u0443\u0441\u043f\u0435\u0448\u043d\u043e", "lineno": 48, "level": "INFO", "path": "/app/app/main.py"}
{"timestamp": null, "name": "src.preprocess", "message": "\u0417\u0430\u0433\u0440\u0443\u0436\u0435\u043d\u043e 151 \u0441\u0442\u043e\u043f-\u0441\u043b\u043e\u0432", "lineno": 85, "level": "INFO", "path": "/app/src/preprocess.py"}
{"timestamp": null, "name": "src.preprocess", "message": "\u0418\u043d\u0438\u0446\u0438\u0430\u043b\u0438\u0437\u0430\u0446\u0438\u044f \u043f\u0440\u043e\u0441\u0442\u043e\u0433\u043e \u0441\u0442\u0435\u043c\u043c\u0435\u0440\u0430...", "lineno": 93, "level": "INFO", "path": "/app/src/preprocess.py"}
{"timestamp": null, "name": "src.preprocess", "message": "\u0421\u0442\u0435\u043c\u043c\u0435\u0440 \u0438\u043d\u0438\u0446\u0438\u0430\u043b\u0438\u0437\u0438\u0440\u043e\u0432\u0430\u043d", "lineno": 95, "level": "INFO", "path": "/app/src/preprocess.py"}
{"timestamp": null, "name": "app.middleware", "message": "CORS middleware enabled", "lineno": 160, "level": "INFO", "path": "/app/app/middleware.py"}
{"timestamp": null, "name": "app.middleware", "message": "Metrics server started on port 9090", "lineno": 227, "level": "INFO", "path": "/app/app/middleware.py"}
{"timestamp": null, "name": "app.middleware", "message": "Caching middleware enabled", "lineno": 255, "level": "INFO", "path": "/app/app/middleware.py"}
{"timestamp": null, "name": "root", "message": "\u041c\u043e\u0434\u0435\u043b\u044c \u0437\u0430\u0433\u0440\u0443\u0436\u0435\u043d\u0430 \u0443\u0441\u043f\u0435\u0448\u043d\u043e", "lineno": 48, "level": "INFO", "path": "/app/app/main.py"}
{"timestamp": null, "name": "src.preprocess", "message": "\u0417\u0430\u0433\u0440\u0443\u0436\u0435\u043d\u043e 151 \u0441\u0442\u043e\u043f-\u0441\u043b\u043e\u0432", "lineno": 85, "level": "INFO", "path": "/app/src/preprocess.py"}
{"timestamp": null, "name": "src.preprocess", "message": "\u0418\u043d\u0438\u0446\u0438\u0430\u043b\u0438\u0437\u0430\u0446\u0438\u044f \u043f\u0440\u043e\u0441\u0442\u043e\u0433\u043e \u0441\u0442\u0435\u043c\u043c\u0435\u0440\u0430...", "lineno": 93, "level": "INFO", "path": "/app/src/preprocess.py"}
{"timestamp": null, "name": "src.preprocess", "message": "\u0421\u0442\u0435\u043c\u043c\u0435\u0440 \u0438\u043d\u0438\u0446\u0438\u0430\u043b\u0438\u0437\u0438\u0440\u043e\u0432\u0430\u043d", "lineno": 95, "level": "INFO", "path": "/app/src/preprocess.py"}
{"timestamp": null, "name": "app.middleware", "message": "CORS middleware enabled", "lineno": 160, "level": "INFO", "path": "/app/app/middleware.py"}
{"timestamp": null, "name": "app.middleware", "message": "Metrics server started on port 9090", "lineno": 227, "level": "INFO", "path": "/app/app/middleware.py"}
{"timestamp": null, "name": "app.middleware", "message": "Caching middleware enabled", "lineno": 255, "level": "INFO", "path": "/app/app/middleware.py"}
{"timestamp": null, "name": "root", "message": "\u041c\u043e\u0434\u0435\u043b\u044c \u0437\u0430\u0433\u0440\u0443\u0436\u0435\u043d\u0430 \u0443\u0441\u043f\u0435\u0448\u043d\u043e", "lineno": 48, "level": "INFO", "path": "/app/app/main.py"}
{"timestamp": null, "name": "src.preprocess", "message": "\u0417\u0430\u0433\u0440\u0443\u0436\u0435\u043d\u043e 151 \u0441\u0442\u043e\u043f-\u0441\u043b\u043e\u0432", "lineno": 85, "level": "INFO", "path": "/app/src/preprocess.py"}
{"timestamp": null, "name": "src.preprocess", "message": "\u0418\u043d\u0438\u0446\u0438\u0430\u043b\u0438\u0437\u0430\u0446\u0438\u044f \u043f\u0440\u043e\u0441\u0442\u043e\u0433\u043e \u0441\u0442\u0435\u043c\u043c\u0435\u0440\u0430...", "lineno": 93, "level": "INFO", "path": "/app/src/preprocess.py"}
{"timestamp": null, "name": "src.preprocess", "message": "\u0421\u0442\u0435\u043c\u043c\u0435\u0440 \u0438\u043d\u0438\u0446\u0438\u0430\u043b\u0438\u0437\u0438\u0440\u043e\u0432\u0430\u043d", "lineno": 95, "level": "INFO", "path": "/app/src/preprocess.py"}
{"timestamp": null, "name": "app.middleware", "message": "CORS middleware enabled", "lineno": 160, "level": "INFO", "path": "/app/app/middleware.py"}
{"timestamp": null, "name": "app.middleware", "message": "Metrics server started on port 9090", "lineno": 227, "level": "INFO", "path": "/app/app/middleware.py"}
{"timestamp": null, "name": "app.middleware", "message": "Caching middleware enabled", "lineno": 255, "level": "INFO", "path": "/app/app/middleware.py"}
{"timestamp": null, "name": "root", "message": "\u041c\u043e\u0434\u0435\u043b\u044c \u0437\u0430\u0433\u0440\u0443\u0436\u0435\u043d\u0430 \u0443\u0441\u043f\u0435\u0448\u043d\u043e", "lineno": 48, "level": "INFO", "path": "/app/app/main.py"}
{"timestamp": null, "name": "src.preprocess", "message": "\u0417\u0430\u0433\u0440\u0443\u0436\u0435\u043d\u043e 151 \u0441\u0442\u043e\u043f-\u0441\u043b\u043e\u0432", "lineno": 85, "level": "INFO", "path": "/app/src/preprocess.py"}
{"timestamp": null, "name": "src.preprocess", "message": "\u0418\u043d\u0438\u0446\u0438\u0430\u043b\u0438\u0437\u0430\u0446\u0438\u044f \u043f\u0440\u043e\u0441\u0442\u043e\u0433\u043e \u0441\u0442\u0435\u043c\u043c\u0435\u0440\u0430...", "lineno": 93, "level": "INFO", "path": "/app/src/preprocess.py"}
{"timestamp": null, "name": "src.preprocess", "message": "\u0421\u0442\u0435\u043c\u043c\u0435\u0440 \u0438\u043d\u0438\u0446\u0438\u0430\u043b\u0438\u0437\u0438\u0440\u043e\u0432\u0430\u043d", "lineno": 95, "level": "INFO", "path": "/app/src/preprocess.py"}
{"timestamp": null, "name": "app.middleware", "message": "CORS middleware enabled", "lineno": 160, "level": "INFO", "path": "/app/app/middleware.py"}
{"timestamp": null, "name": "app.middleware", "message": "Metrics server started on port 9090", "lineno": 227, "level": "INFO", "path": "/app/app/middleware.py"}
{"timestamp": null, "name": "app.middleware", "message": "Caching middleware enabled", "lineno": 255, "level": "INFO", "path": "/app/app/middleware.py"}
{"timestamp": null, "name": "root", "message": "\u041c\u043e\u0434\u0435\u043b\u044c \u0437\u0430\u0433\u0440\u0443\u0436\u0435\u043d\u0430 \u0443\u0441\u043f\u0435\u0448\u043d\u043e", "lineno": 48, "level": "INFO", "path": "/app/app/main.py"}
{"timestamp": null, "name": "src.preprocess", "message": "\u0417\u0430\u0433\u0440\u0443\u0436\u0435\u043d\u043e 151 \u0441\u0442\u043e\u043f-\u0441\u043b\u043e\u0432", "lineno": 85, "level": "INFO", "path": "/app/src/preprocess.py"}
{"timestamp": null, "name": "src.preprocess", "message": "\u0418\u043d\u0438\u0446\u0438\u0430\u043b\u0438\u0437\u0430\u0446\u0438\u044f \u043f\u0440\u043e\u0441\u0442\u043e\u0433\u043e \u0441\u0442\u0435\u043c\u043c\u0435\u0440\u0430...", "lineno": 93, "level": "INFO", "path": "/app/src/preprocess.py"}
{"timestamp": null, "name": "src.preprocess", "message": "\u0421\u0442\u0435\u043c\u043c\u0435\u0440 \u0438\u043d\u0438\u0446\u0438\u0430\u043b\u0438\u0437\u0438\u0440\u043e\u0432\u0430\u043d", "lineno": 95, "level": "INFO", "path": "/app/src/preprocess.py"}
{"timestamp": null, "name": "app.middleware", "message": "CORS middleware enabled", "lineno": 160, "level": "INFO", "path": "/app/app/middleware.py"}
{"timestamp": null, "name": "app.middleware", "message": "Metrics server started on port 9090", "lineno": 227, "level": "INFO", "path": "/app/app/middleware.py"}
{"timestamp": null, "name": "app.middleware", "message": "Caching middleware enabled", "lineno": 255, "level": "INFO", "path": "/app/app/middleware.py"}
{"timestamp": null, "name": "root", "message": "\u041c\u043e\u0434\u0435\u043b\u044c \u0437\u0430\u0433\u0440\u0443\u0436\u0435\u043d\u0430 \u0443\u0441\u043f\u0435\u0448\u043d\u043e", "lineno": 48, "level": "INFO", "path": "/app/app/main.py"}
{"timestamp": null, "name": "src.preprocess", "message": "\u0417\u0430\u0433\u0440\u0443\u0436\u0435\u043d\u043e 151 \u0441\u0442\u043e\u043f-\u0441\u043b\u043e\u0432", "lineno": 85, "level": "INFO", "path": "/app/src/preprocess.py"}
{"timestamp": null, "name": "src.preprocess", "message": "\u0418\u043d\u0438\u0446\u0438\u0430\u043b\u0438\u0437\u0430\u0446\u0438\u044f \u043f\u0440\u043e\u0441\u0442\u043e\u0433\u043e \u0441\u0442\u0435\u043c\u043c\u0435\u0440\u0430...", "lineno": 93, "level": "INFO", "path": "/app/src/preprocess.py"}
{"timestamp": null, "name": "src.preprocess", "message": "\u0421\u0442\u0435\u043c\u043c\u0435\u0440 \u0438\u043d\u0438\u0446\u0438\u0430\u043b\u0438\u0437\u0438\u0440\u043e\u0432\u0430\u043d", "lineno": 95, "level": "INFO", "path": "/app/src/preprocess.py"}
{"timestamp": null, "name": "app.middleware", "message": "CORS middleware enabled", "lineno": 160, "level": "INFO", "path": "/app/app/middleware.py"}
{"timestamp": null, "name": "app.middleware", "message": "Metrics server started on port 9090", "lineno": 227, "level": "INFO", "path": "/app/app/middleware.py"}
{"timestamp": null, "name": "app.middleware", "message": "Caching middleware enabled", "lineno": 255, "level": "INFO", "path": "/app/app/middleware.py"}
{"timestamp": null, "name": "root", "message": "\u041c\u043e\u0434\u0435\u043b\u044c \u0437\u0430\u0433\u0440\u0443\u0436\u0435\u043d\u0430 \u0443\u0441\u043f\u0435\u0448\u043d\u043e", "lineno": 48, "level": "INFO", "path": "/app/app/main.py"}
{"timestamp": null, "name": "src.preprocess", "message": "\u0417\u0430\u0433\u0440\u0443\u0436\u0435\u043d\u043e 151 \u0441\u0442\u043e\u043f-\u0441\u043b\u043e\u0432", "lineno": 85, "level": "INFO", "path": "/app/src/preprocess.py"}
{"timestamp": null, "name": "src.preprocess", "message": "\u0418\u043d\u0438\u0446\u0438\u0430\u043b\u0438\u0437\u0430\u0446\u0438\u044f \u043f\u0440\u043e\u0441\u0442\u043e\u0433\u043e \u0441\u0442\u0435\u043c\u043c\u0435\u0440\u0430...", "lineno": 93, "level": "INFO", "path": "/app/src/preprocess.py"}
{"timestamp": null, "name": "src.preprocess", "message": "\u0421\u0442\u0435\u043c\u043c\u0435\u0440 \u0438\u043d\u0438\u0446\u0438\u0430\u043b\u0438\u0437\u0438\u0440\u043e\u0432\u0430\u043d", "lineno": 95, "level": "INFO", "path": "/app/src/preprocess.py"}
{"timestamp": null, "name": "app.middleware", "message": "CORS middleware enabled", "lineno": 160, "level": "INFO", "path": "/app/app/middleware.py"}
{"timestamp": null, "name": "app.middleware", "message": "Metrics server started on port 9090", "lineno": 227, "level": "INFO", "path": "/app/app/middleware.py"}
{"timestamp": null, "name": "app.middleware", "message": "Caching middleware enabled", "lineno": 255, "level": "INFO", "path": "/app/app/middleware.py"}
{"timestamp": null, "name": "root", "message": "\u041c\u043e\u0434\u0435\u043b\u044c \u0437\u0430\u0433\u0440\u0443\u0436\u0435\u043d\u0430 \u0443\u0441\u043f\u0435\u0448\u043d\u043e", "lineno": 48, "level": "INFO", "path": "/app/app/main.py"}
{"timestamp": null, "name": "src.preprocess", "message": "\u0417\u0430\u0433\u0440\u0443\u0436\u0435\u043d\u043e 151 \u0441\u0442\u043e\u043f-\u0441\u043b\u043e\u0432", "lineno": 85, "level": "INFO", "path": "/app/src/preprocess.py"}
{"timestamp": null, "name": "src.preprocess", "message": "\u0418\u043d\u0438\u0446\u0438\u0430\u043b\u0438\u0437\u0430\u0446\u0438\u044f \u043f\u0440\u043e\u0441\u0442\u043e\u0433\u043e \u0441\u0442\u0435\u043c\u043c\u0435\u0440\u0430...", "lineno": 93, "level": "INFO", "path": "/app/src/preprocess.py"}
{"timestamp": null, "name": "src.preprocess", "message": "\u0421\u0442\u0435\u043c\u043c\u0435\u0440 \u0438\u043d\u0438\u0446\u0438\u0430\u043b\u0438\u0437\u0438\u0440\u043e\u0432\u0430\u043d", "lineno": 95, "level": "INFO", "path": "/app/src/preprocess.py"}
{"timestamp": null, "name": "app.middleware", "message": "CORS middleware enabled", "lineno": 160, "level": "INFO", "path": "/app/app/middleware.py"}
{"timestamp": null, "name": "app.middleware", "message": "Metrics server started on port 9090", "lineno": 227, "level": "INFO", "path": "/app/app/middleware.py"}
{"timestamp": null, "name": "app.middleware", "message": "Caching middleware enabled", "lineno": 255, "level": "INFO", "path": "/app/app/middleware.py"}
{"timestamp": null, "name": "root", "message": "\u041c\u043e\u0434\u0435\u043b\u044c \u0437\u0430\u0433\u0440\u0443\u0436\u0435\u043d\u0430 \u0443\u0441\u043f\u0435\u0448\u043d\u043e", "lineno": 48, "level": "INFO", "path": "/app/app/main.py"}
{"timestamp": null, "name": "src.preprocess", "message": "\u0417\u0430\u0433\u0440\u0443\u0436\u0435\u043d\u043e 151 \u0441\u0442\u043e\u043f-\u0441\u043b\u043e\u0432", "lineno": 85, "level": "INFO", "path": "/app/src/preprocess.py"}
{"timestamp": null, "name": "src.preprocess", "message": "\u0418\u043d\u0438\u0446\u0438\u0430\u043b\u0438\u0437\u0430\u0446\u0438\u044f \u043f\u0440\u043e\u0441\u0442\u043e\u0433\u043e \u0441\u0442\u0435\u043c\u043c\u0435\u0440\u0430...", "lineno": 93, "level": "INFO", "path": "/app/src/preprocess.py"}
{"timestamp": null, "name": "src.preprocess", "message": "\u0421\u0442\u0435\u043c\u043c\u0435\u0440 \u0438\u043d\u0438\u0446\u0438\u0430\u043b\u0438\u0437\u0438\u0440\u043e\u0432\u0430\u043d", "lineno": 95, "level": "INFO", "path": "/app/src/preprocess.py"}
{"timestamp": null, "name": "app.middleware", "message": "CORS middleware enabled", "lineno": 160, "level": "INFO", "path": "/app/app/middleware.py"}
{"timestamp": null, "name": "app.middleware", "message": "Metrics server started on port 9090", "lineno": 227, "level": "INFO", "path": "/app/app/middleware.py"}
{"timestamp": null, "name": "app.middleware", "message": "Caching middleware enabled", "lineno": 255, "level": "INFO", "path": "/app/app/middleware.py"}
{"timestamp": null, "name": "root", "message": "\u041c\u043e\u0434\u0435\u043b\u044c \u0437\u0430\u0433\u0440\u0443\u0436\u0435\u043d\u0430 \u0443\u0441\u043f\u0435\u0448\u043d\u043e", "lineno": 48, "level": "INFO", "path": "/app/app/main.py"}
{"timestamp": null, "name": "src.preprocess", "message": "\u0417\u0430\u0433\u0440\u0443\u0436\u0435\u043d\u043e 151 \u0441\u0442\u043e\u043f-\u0441\u043b\u043e\u0432", "lineno": 85, "level": "INFO", "path": "/app/src/preprocess.py"}
{"timestamp": null, "name": "src.preprocess", "message": "\u0418\u043d\u0438\u0446\u0438\u0430\u043b\u0438\u0437\u0430\u0446\u0438\u044f \u043f\u0440\u043e\u0441\u0442\u043e\u0433\u043e \u0441\u0442\u0435\u043c\u043c\u0435\u0440\u0430...", "lineno": 93, "level": "INFO", "path": "/app/src/preprocess.py"}
{"timestamp": null, "name": "src.preprocess", "message": "\u0421\u0442\u0435\u043c\u043c\u0435\u0440 \u0438\u043d\u0438\u0446\u0438\u0430\u043b\u0438\u0437\u0438\u0440\u043e\u0432\u0430\u043d", "lineno": 95, "level": "INFO", "path": "/app/src/preprocess.py"}
{"timestamp": null, "name": "app.middleware", "message": "CORS middleware enabled", "lineno": 160, "level": "INFO", "path": "/app/app/middleware.py"}
{"timestamp": null, "name": "app.middleware", "message": "Metrics server started on port 9090", "lineno": 227, "level": "INFO", "path": "/app/app/middleware.py"}
{"timestamp": null, "name": "app.middleware", "message": "Caching middleware enabled", "lineno": 255, "level": "INFO", "path": "/app/app/middleware.py"}
{"timestamp": null, "name": "root", "message": "\u041c\u043e\u0434\u0435\u043b\u044c \u0437\u0430\u0433\u0440\u0443\u0436\u0435\u043d\u0430 \u0443\u0441\u043f\u0435\u0448\u043d\u043e", "lineno": 48, "level": "INFO", "path": "/app/app/main.py"}
{"timestamp": null, "name": "src.preprocess", "message": "\u0417\u0430\u0433\u0440\u0443\u0436\u0435\u043d\u043e 151 \u0441\u0442\u043e\u043f-\u0441\u043b\u043e\u0432", "lineno": 85, "level": "INFO", "path": "/app/src/preprocess.py"}
{"timestamp": null, "name": "src.preprocess", "message": "\u0418\u043d\u0438\u0446\u0438\u0430\u043b\u0438\u0437\u0430\u0446\u0438\u044f \u043f\u0440\u043e\u0441\u0442\u043e\u0433\u043e \u0441\u0442\u0435\u043c\u043c\u0435\u0440\u0430...", "lineno": 93, "level": "INFO", "path": "/app/src/preprocess.py"}
{"timestamp": null, "name": "src.preprocess", "message": "\u0421\u0442\u0435\u043c\u043c\u0435\u0440 \u0438\u043d\u0438\u0446\u0438\u0430\u043b\u0438\u0437\u0438\u0440\u043e\u0432\u0430\u043d", "lineno": 95, "level": "INFO", "path": "/app/src/preprocess.py"}
{"timestamp": null, "name": "app.middleware", "message": "CORS middleware enabled", "lineno": 160, "level": "INFO", "path": "/app/app/middleware.py"}
{"timestamp": null, "name": "app.middleware", "message": "Metrics server started on port 9090", "lineno": 227, "level": "INFO", "path": "/app/app/middleware.py"}
{"timestamp": null, "name": "app.middleware", "message": "Caching middleware enabled", "lineno": 255, "level": "INFO", "path": "/app/app/middleware.py"}
{"timestamp": null, "name": "root", "message": "\u041c\u043e\u0434\u0435\u043b\u044c \u0437\u0430\u0433\u0440\u0443\u0436\u0435\u043d\u0430 \u0443\u0441\u043f\u0435\u0448\u043d\u043e", "lineno": 48, "level": "INFO", "path": "/app/app/main.py"}
{"timestamp": null, "name": "src.preprocess", "message": "\u0417\u0430\u0433\u0440\u0443\u0436\u0435\u043d\u043e 151 \u0441\u0442\u043e\u043f-\u0441\u043b\u043e\u0432", "lineno": 85, "level": "INFO", "path": "/app/src/preprocess.py"}
{"timestamp": null, "name": "src.preprocess", "message": "\u0418\u043d\u0438\u0446\u0438\u0430\u043b\u0438\u0437\u0430\u0446\u0438\u044f \u043f\u0440\u043e\u0441\u0442\u043e\u0433\u043e \u0441\u0442\u0435\u043c\u043c\u0435\u0440\u0430...", "lineno": 93, "level": "INFO", "path": "/app/src/preprocess.py"}
{"timestamp": null, "name": "src.preprocess", "message": "\u0421\u0442\u0435\u043c\u043c\u0435\u0440 \u0438\u043d\u0438\u0446\u0438\u0430\u043b\u0438\u0437\u0438\u0440\u043e\u0432\u0430\u043d", "lineno": 95, "level": "INFO", "path": "/app/src/preprocess.py"}
{"timestamp": null, "name": "app.middleware", "message": "CORS middleware enabled", "lineno": 160, "level": "INFO", "path": "/app/app/middleware.py"}
{"timestamp": null, "name": "app.middleware", "message": "Metrics server started on port 9090", "lineno": 227, "level": "INFO", "path": "/app/app/middleware.py"}
{"timestamp": null, "name": "app.middleware", "message": "Caching middleware enabled", "lineno": 255, "level": "INFO", "path": "/app/app/middleware.py"}
{"timestamp": null, "name": "root", "message": "\u041c\u043e\u0434\u0435\u043b\u044c \u0437\u0430\u0433\u0440\u0443\u0436\u0435\u043d\u0430 \u0443\u0441\u043f\u0435\u0448\u043d\u043e", "lineno": 48, "level": "INFO", "path": "/app/app/main.py"}
{"timestamp": null, "name": "src.preprocess", "message": "\u0417\u0430\u0433\u0440\u0443\u0436\u0435\u043d\u043e 151 \u0441\u0442\u043e\u043f-\u0441\u043b\u043e\u0432", "lineno": 85, "level": "INFO", "path": "/app/src/preprocess.py"}
{"timestamp": null, "name": "src.preprocess", "message": "\u0418\u043d\u0438\u0446\u0438\u0430\u043b\u0438\u0437\u0430\u0446\u0438\u044f \u043f\u0440\u043e\u0441\u0442\u043e\u0433\u043e \u0441\u0442\u0435\u043c\u043c\u0435\u0440\u0430...", "lineno": 93, "level": "INFO", "path": "/app/src/preprocess.py"}
{"timestamp": null, "name": "src.preprocess", "message": "\u0421\u0442\u0435\u043c\u043c\u0435\u0440 \u0438\u043d\u0438\u0446\u0438\u0430\u043b\u0438\u0437\u0438\u0440\u043e\u0432\u0430\u043d", "lineno": 95, "level": "INFO", "path": "/app/src/preprocess.py"}
{"timestamp": null, "name": "app.middleware", "message": "CORS middleware enabled", "lineno": 160, "level": "INFO", "path": "/app/app/middleware.py"}
{"timestamp": null, "name": "app.middleware", "message": "Metrics server started on port 9090", "lineno": 227, "level": "INFO", "path": "/app/app/middleware.py"}
{"timestamp": null, "name": "app.middleware", "message": "Caching middleware enabled", "lineno": 255, "level": "INFO", "path": "/app/app/middleware.py"}
{"timestamp": null, "name": "root", "message": "\u041c\u043e\u0434\u0435\u043b\u044c \u0437\u0430\u0433\u0440\u0443\u0436\u0435\u043d\u0430 \u0443\u0441\u043f\u0435\u0448\u043d\u043e", "lineno": 48, "level": "INFO", "path": "/app/app/main.py"}
{"timestamp": null, "name": "src.preprocess", "message": "\u0417\u0430\u0433\u0440\u0443\u0436\u0435\u043d\u043e 151 \u0441\u0442\u043e\u043f-\u0441\u043b\u043e\u0432", "lineno": 85, "level": "INFO", "path": "/app/src/preprocess.py"}
{"timestamp": null, "name": "src.preprocess", "message": "\u0418\u043d\u0438\u0446\u0438\u0430\u043b\u0438\u0437\u0430\u0446\u0438\u044f \u043f\u0440\u043e\u0441\u0442\u043e\u0433\u043e \u0441\u0442\u0435\u043c\u043c\u0435\u0440\u0430...", "lineno": 93, "level": "INFO", "path": "/app/src/preprocess.py"}
{"timestamp": null, "name": "src.preprocess", "message": "\u0421\u0442\u0435\u043c\u043c\u0435\u0440 \u0438\u043d\u0438\u0446\u0438\u0430\u043b\u0438\u0437\u0438\u0440\u043e\u0432\u0430\u043d", "lineno": 95, "level": "INFO", "path": "/app/src/preprocess.py"}
{"timestamp": null, "name": "app.middleware", "message": "CORS middleware enabled", "lineno": 160, "level": "INFO", "path": "/app/app/middleware.py"}
{"timestamp": null, "name": "app.middleware", "message": "Metrics server started on port 9090", "lineno": 227, "level": "INFO", "path": "/app/app/middleware.py"}
{"timestamp": null, "name": "app.middleware", "message": "Caching middleware enabled", "lineno": 255, "level": "INFO", "path": "/app/app/middleware.py"}
{"timestamp": null, "name": "app.api", "message": "API \u0438\u043d\u0438\u0446\u0438\u0430\u043b\u0438\u0437\u0438\u0440\u043e\u0432\u0430\u043d\u043e", "lineno": 61, "level": "INFO", "path": "/app/app/api.py"}
{"timestamp": null, "name": "root", "message": "\u0417\u0430\u043f\u0443\u0441\u043a \u043f\u0440\u0438\u043b\u043e\u0436\u0435\u043d\u0438\u044f \u043d\u0430 0.0.0.0:5000, debug=False", "lineno": 78, "level": "INFO", "path": "/app/app/main.py"}
{"timestamp": null, "name": "werkzeug", "message": "\u001b[31m\u001b[1mWARNING: This is a development server. Do not use it in a production deployment. Use a production WSGI server instead.\u001b[0m\n * Running on all addresses (0.0.0.0)\n * Running on http://127.0.0.1:5000\n * Running on http://172.18.0.2:5000", "lineno": 97, "level": "INFO", "path": "/usr/local/lib/python3.11/site-packages/werkzeug/_internal.py"}
{"timestamp": null, "name": "werkzeug", "message": "\u001b[33mPress CTRL+C to quit\u001b[0m", "lineno": 97, "level": "INFO", "path": "/usr/local/lib/python3.11/site-packages/werkzeug/_internal.py"}
{"timestamp": null, "name": "app", "message": "Exception on /api/health [GET]", "lineno": 1414, "exc_info": "Traceback (most recent call last):\n  File \"/usr/local/lib/python3.11/site-packages/flask/app.py\", line 2190, in wsgi_app\n    response = self.full_dispatch_request()\n               ^^^^^^^^^^^^^^^^^^^^^^^^^^^^\n  File \"/usr/local/lib/python3.11/site-packages/flask/app.py\", line 1487, in full_dispatch_request\n    return self.finalize_request(rv)\n           ^^^^^^^^^^^^^^^^^^^^^^^^^\n  File \"/usr/local/lib/python3.11/site-packages/flask/app.py\", line 1508, in finalize_request\n    response = self.process_response(response)\n               ^^^^^^^^^^^^^^^^^^^^^^^^^^^^^^^\n  File \"/usr/local/lib/python3.11/site-packages/flask/app.py\", line 2002, in process_response\n    response = self.ensure_sync(func)(response)\n               ^^^^^^^^^^^^^^^^^^^^^^^^^^^^^^^^\n  File \"/app/app/middleware.py\", line 203, in record_metrics\n    if rule.match(request.path):\n       ^^^^^^^^^^\nAttributeError: 'Rule' object has no attribute 'match'", "level": "ERROR", "path": "/usr/local/lib/python3.11/site-packages/flask/app.py"}
{"timestamp": null, "name": "app", "message": "Request finalizing failed with an error while handling an error", "lineno": 1515, "exc_info": "Traceback (most recent call last):\n  File \"/usr/local/lib/python3.11/site-packages/flask/app.py\", line 2190, in wsgi_app\n    response = self.full_dispatch_request()\n               ^^^^^^^^^^^^^^^^^^^^^^^^^^^^\n  File \"/usr/local/lib/python3.11/site-packages/flask/app.py\", line 1487, in full_dispatch_request\n    return self.finalize_request(rv)\n           ^^^^^^^^^^^^^^^^^^^^^^^^^\n  File \"/usr/local/lib/python3.11/site-packages/flask/app.py\", line 1508, in finalize_request\n    response = self.process_response(response)\n               ^^^^^^^^^^^^^^^^^^^^^^^^^^^^^^^\n  File \"/usr/local/lib/python3.11/site-packages/flask/app.py\", line 2002, in process_response\n    response = self.ensure_sync(func)(response)\n               ^^^^^^^^^^^^^^^^^^^^^^^^^^^^^^^^\n  File \"/app/app/middleware.py\", line 203, in record_metrics\n    if rule.match(request.path):\n       ^^^^^^^^^^\nAttributeError: 'Rule' object has no attribute 'match'\n\nDuring handling of the above exception, another exception occurred:\n\nTraceback (most recent call last):\n  File \"/usr/local/lib/python3.11/site-packages/flask/app.py\", line 1508, in finalize_request\n    response = self.process_response(response)\n               ^^^^^^^^^^^^^^^^^^^^^^^^^^^^^^^\n  File \"/usr/local/lib/python3.11/site-packages/flask/app.py\", line 2002, in process_response\n    response = self.ensure_sync(func)(response)\n               ^^^^^^^^^^^^^^^^^^^^^^^^^^^^^^^^\n  File \"/app/app/middleware.py\", line 203, in record_metrics\n    if rule.match(request.path):\n       ^^^^^^^^^^\nAttributeError: 'Rule' object has no attribute 'match'", "level": "ERROR", "path": "/usr/local/lib/python3.11/site-packages/flask/app.py"}
{"timestamp": null, "name": "werkzeug", "message": "172.18.0.1 - - [10/Apr/2025 20:37:47] \"\u001b[35m\u001b[1mGET /api/health HTTP/1.1\u001b[0m\" 500 -", "lineno": 97, "level": "INFO", "path": "/usr/local/lib/python3.11/site-packages/werkzeug/_internal.py"}
{"timestamp": null, "name": "app", "message": "Exception on /api/health [GET]", "lineno": 1414, "exc_info": "Traceback (most recent call last):\n  File \"/usr/local/lib/python3.11/site-packages/flask/app.py\", line 2190, in wsgi_app\n    response = self.full_dispatch_request()\n               ^^^^^^^^^^^^^^^^^^^^^^^^^^^^\n  File \"/usr/local/lib/python3.11/site-packages/flask/app.py\", line 1487, in full_dispatch_request\n    return self.finalize_request(rv)\n           ^^^^^^^^^^^^^^^^^^^^^^^^^\n  File \"/usr/local/lib/python3.11/site-packages/flask/app.py\", line 1508, in finalize_request\n    response = self.process_response(response)\n               ^^^^^^^^^^^^^^^^^^^^^^^^^^^^^^^\n  File \"/usr/local/lib/python3.11/site-packages/flask/app.py\", line 2002, in process_response\n    response = self.ensure_sync(func)(response)\n               ^^^^^^^^^^^^^^^^^^^^^^^^^^^^^^^^\n  File \"/app/app/middleware.py\", line 203, in record_metrics\n    if rule.match(request.path):\n       ^^^^^^^^^^\nAttributeError: 'Rule' object has no attribute 'match'", "level": "ERROR", "path": "/usr/local/lib/python3.11/site-packages/flask/app.py"}
{"timestamp": null, "name": "app", "message": "Request finalizing failed with an error while handling an error", "lineno": 1515, "exc_info": "Traceback (most recent call last):\n  File \"/usr/local/lib/python3.11/site-packages/flask/app.py\", line 2190, in wsgi_app\n    response = self.full_dispatch_request()\n               ^^^^^^^^^^^^^^^^^^^^^^^^^^^^\n  File \"/usr/local/lib/python3.11/site-packages/flask/app.py\", line 1487, in full_dispatch_request\n    return self.finalize_request(rv)\n           ^^^^^^^^^^^^^^^^^^^^^^^^^\n  File \"/usr/local/lib/python3.11/site-packages/flask/app.py\", line 1508, in finalize_request\n    response = self.process_response(response)\n               ^^^^^^^^^^^^^^^^^^^^^^^^^^^^^^^\n  File \"/usr/local/lib/python3.11/site-packages/flask/app.py\", line 2002, in process_response\n    response = self.ensure_sync(func)(response)\n               ^^^^^^^^^^^^^^^^^^^^^^^^^^^^^^^^\n  File \"/app/app/middleware.py\", line 203, in record_metrics\n    if rule.match(request.path):\n       ^^^^^^^^^^\nAttributeError: 'Rule' object has no attribute 'match'\n\nDuring handling of the above exception, another exception occurred:\n\nTraceback (most recent call last):\n  File \"/usr/local/lib/python3.11/site-packages/flask/app.py\", line 1508, in finalize_request\n    response = self.process_response(response)\n               ^^^^^^^^^^^^^^^^^^^^^^^^^^^^^^^\n  File \"/usr/local/lib/python3.11/site-packages/flask/app.py\", line 2002, in process_response\n    response = self.ensure_sync(func)(response)\n               ^^^^^^^^^^^^^^^^^^^^^^^^^^^^^^^^\n  File \"/app/app/middleware.py\", line 203, in record_metrics\n    if rule.match(request.path):\n       ^^^^^^^^^^\nAttributeError: 'Rule' object has no attribute 'match'", "level": "ERROR", "path": "/usr/local/lib/python3.11/site-packages/flask/app.py"}
{"timestamp": null, "name": "werkzeug", "message": "172.18.0.1 - - [10/Apr/2025 20:39:06] \"\u001b[35m\u001b[1mGET /api/health HTTP/1.1\u001b[0m\" 500 -", "lineno": 97, "level": "INFO", "path": "/usr/local/lib/python3.11/site-packages/werkzeug/_internal.py"}
{"timestamp": null, "name": "app", "message": "Exception on /favicon.ico [GET]", "lineno": 1414, "exc_info": "Traceback (most recent call last):\n  File \"/usr/local/lib/python3.11/site-packages/flask/app.py\", line 2190, in wsgi_app\n    response = self.full_dispatch_request()\n               ^^^^^^^^^^^^^^^^^^^^^^^^^^^^\n  File \"/usr/local/lib/python3.11/site-packages/flask/app.py\", line 1487, in full_dispatch_request\n    return self.finalize_request(rv)\n           ^^^^^^^^^^^^^^^^^^^^^^^^^\n  File \"/usr/local/lib/python3.11/site-packages/flask/app.py\", line 1508, in finalize_request\n    response = self.process_response(response)\n               ^^^^^^^^^^^^^^^^^^^^^^^^^^^^^^^\n  File \"/usr/local/lib/python3.11/site-packages/flask/app.py\", line 2002, in process_response\n    response = self.ensure_sync(func)(response)\n               ^^^^^^^^^^^^^^^^^^^^^^^^^^^^^^^^\n  File \"/app/app/middleware.py\", line 203, in record_metrics\n    if rule.match(request.path):\n       ^^^^^^^^^^\nAttributeError: 'Rule' object has no attribute 'match'", "level": "ERROR", "path": "/usr/local/lib/python3.11/site-packages/flask/app.py"}
{"timestamp": null, "name": "app", "message": "Request finalizing failed with an error while handling an error", "lineno": 1515, "exc_info": "Traceback (most recent call last):\n  File \"/usr/local/lib/python3.11/site-packages/flask/app.py\", line 2190, in wsgi_app\n    response = self.full_dispatch_request()\n               ^^^^^^^^^^^^^^^^^^^^^^^^^^^^\n  File \"/usr/local/lib/python3.11/site-packages/flask/app.py\", line 1487, in full_dispatch_request\n    return self.finalize_request(rv)\n           ^^^^^^^^^^^^^^^^^^^^^^^^^\n  File \"/usr/local/lib/python3.11/site-packages/flask/app.py\", line 1508, in finalize_request\n    response = self.process_response(response)\n               ^^^^^^^^^^^^^^^^^^^^^^^^^^^^^^^\n  File \"/usr/local/lib/python3.11/site-packages/flask/app.py\", line 2002, in process_response\n    response = self.ensure_sync(func)(response)\n               ^^^^^^^^^^^^^^^^^^^^^^^^^^^^^^^^\n  File \"/app/app/middleware.py\", line 203, in record_metrics\n    if rule.match(request.path):\n       ^^^^^^^^^^\nAttributeError: 'Rule' object has no attribute 'match'\n\nDuring handling of the above exception, another exception occurred:\n\nTraceback (most recent call last):\n  File \"/usr/local/lib/python3.11/site-packages/flask/app.py\", line 1508, in finalize_request\n    response = self.process_response(response)\n               ^^^^^^^^^^^^^^^^^^^^^^^^^^^^^^^\n  File \"/usr/local/lib/python3.11/site-packages/flask/app.py\", line 2002, in process_response\n    response = self.ensure_sync(func)(response)\n               ^^^^^^^^^^^^^^^^^^^^^^^^^^^^^^^^\n  File \"/app/app/middleware.py\", line 203, in record_metrics\n    if rule.match(request.path):\n       ^^^^^^^^^^\nAttributeError: 'Rule' object has no attribute 'match'", "level": "ERROR", "path": "/usr/local/lib/python3.11/site-packages/flask/app.py"}
{"timestamp": null, "name": "werkzeug", "message": "172.18.0.1 - - [10/Apr/2025 20:39:07] \"\u001b[35m\u001b[1mGET /favicon.ico HTTP/1.1\u001b[0m\" 500 -", "lineno": 97, "level": "INFO", "path": "/usr/local/lib/python3.11/site-packages/werkzeug/_internal.py"}
{"timestamp": null, "name": "root", "message": "\u041c\u043e\u0434\u0435\u043b\u044c \u0437\u0430\u0433\u0440\u0443\u0436\u0435\u043d\u0430 \u0443\u0441\u043f\u0435\u0448\u043d\u043e", "lineno": 48, "level": "INFO", "path": "/app/app/main.py"}
{"timestamp": null, "name": "src.preprocess", "message": "\u0417\u0430\u0433\u0440\u0443\u0436\u0435\u043d\u043e 151 \u0441\u0442\u043e\u043f-\u0441\u043b\u043e\u0432", "lineno": 85, "level": "INFO", "path": "/app/src/preprocess.py"}
{"timestamp": null, "name": "src.preprocess", "message": "\u0418\u043d\u0438\u0446\u0438\u0430\u043b\u0438\u0437\u0430\u0446\u0438\u044f \u043f\u0440\u043e\u0441\u0442\u043e\u0433\u043e \u0441\u0442\u0435\u043c\u043c\u0435\u0440\u0430...", "lineno": 93, "level": "INFO", "path": "/app/src/preprocess.py"}
{"timestamp": null, "name": "src.preprocess", "message": "\u0421\u0442\u0435\u043c\u043c\u0435\u0440 \u0438\u043d\u0438\u0446\u0438\u0430\u043b\u0438\u0437\u0438\u0440\u043e\u0432\u0430\u043d", "lineno": 95, "level": "INFO", "path": "/app/src/preprocess.py"}
{"timestamp": null, "name": "app.middleware", "message": "CORS middleware enabled", "lineno": 160, "level": "INFO", "path": "/app/app/middleware.py"}
{"timestamp": null, "name": "app.middleware", "message": "Metrics server started on port 9090", "lineno": 231, "level": "INFO", "path": "/app/app/middleware.py"}
{"timestamp": null, "name": "app.middleware", "message": "Caching middleware enabled", "lineno": 259, "level": "INFO", "path": "/app/app/middleware.py"}
{"timestamp": null, "name": "app.api", "message": "API \u0438\u043d\u0438\u0446\u0438\u0430\u043b\u0438\u0437\u0438\u0440\u043e\u0432\u0430\u043d\u043e", "lineno": 61, "level": "INFO", "path": "/app/app/api.py"}
{"timestamp": null, "name": "root", "message": "\u0417\u0430\u043f\u0443\u0441\u043a \u043f\u0440\u0438\u043b\u043e\u0436\u0435\u043d\u0438\u044f \u043d\u0430 0.0.0.0:5000, debug=False", "lineno": 78, "level": "INFO", "path": "/app/app/main.py"}
{"timestamp": null, "name": "werkzeug", "message": "\u001b[31m\u001b[1mWARNING: This is a development server. Do not use it in a production deployment. Use a production WSGI server instead.\u001b[0m\n * Running on all addresses (0.0.0.0)\n * Running on http://127.0.0.1:5000\n * Running on http://172.18.0.2:5000", "lineno": 97, "level": "INFO", "path": "/usr/local/lib/python3.11/site-packages/werkzeug/_internal.py"}
{"timestamp": null, "name": "werkzeug", "message": "\u001b[33mPress CTRL+C to quit\u001b[0m", "lineno": 97, "level": "INFO", "path": "/usr/local/lib/python3.11/site-packages/werkzeug/_internal.py"}
{"timestamp": null, "name": "root", "message": "\u041c\u043e\u0434\u0435\u043b\u044c \u0437\u0430\u0433\u0440\u0443\u0436\u0435\u043d\u0430 \u0443\u0441\u043f\u0435\u0448\u043d\u043e", "lineno": 48, "level": "INFO", "path": "/app/app/main.py"}
{"timestamp": null, "name": "src.preprocess", "message": "\u0417\u0430\u0433\u0440\u0443\u0436\u0435\u043d\u043e 151 \u0441\u0442\u043e\u043f-\u0441\u043b\u043e\u0432", "lineno": 85, "level": "INFO", "path": "/app/src/preprocess.py"}
{"timestamp": null, "name": "src.preprocess", "message": "\u0418\u043d\u0438\u0446\u0438\u0430\u043b\u0438\u0437\u0430\u0446\u0438\u044f \u043f\u0440\u043e\u0441\u0442\u043e\u0433\u043e \u0441\u0442\u0435\u043c\u043c\u0435\u0440\u0430...", "lineno": 93, "level": "INFO", "path": "/app/src/preprocess.py"}
{"timestamp": null, "name": "src.preprocess", "message": "\u0421\u0442\u0435\u043c\u043c\u0435\u0440 \u0438\u043d\u0438\u0446\u0438\u0430\u043b\u0438\u0437\u0438\u0440\u043e\u0432\u0430\u043d", "lineno": 95, "level": "INFO", "path": "/app/src/preprocess.py"}
{"timestamp": null, "name": "app.middleware", "message": "CORS middleware enabled", "lineno": 160, "level": "INFO", "path": "/app/app/middleware.py"}
{"timestamp": null, "name": "app.middleware", "message": "Metrics server started on port 9090", "lineno": 231, "level": "INFO", "path": "/app/app/middleware.py"}
{"timestamp": null, "name": "app.middleware", "message": "Caching middleware enabled", "lineno": 259, "level": "INFO", "path": "/app/app/middleware.py"}
{"timestamp": null, "name": "app.api", "message": "API \u0438\u043d\u0438\u0446\u0438\u0430\u043b\u0438\u0437\u0438\u0440\u043e\u0432\u0430\u043d\u043e", "lineno": 61, "level": "INFO", "path": "/app/app/api.py"}
{"timestamp": null, "name": "root", "message": "\u0417\u0430\u043f\u0443\u0441\u043a \u043f\u0440\u0438\u043b\u043e\u0436\u0435\u043d\u0438\u044f \u043d\u0430 0.0.0.0:5000, debug=False", "lineno": 78, "level": "INFO", "path": "/app/app/main.py"}
{"timestamp": null, "name": "werkzeug", "message": "\u001b[31m\u001b[1mWARNING: This is a development server. Do not use it in a production deployment. Use a production WSGI server instead.\u001b[0m\n * Running on all addresses (0.0.0.0)\n * Running on http://127.0.0.1:5000\n * Running on http://172.18.0.2:5000", "lineno": 97, "level": "INFO", "path": "/usr/local/lib/python3.11/site-packages/werkzeug/_internal.py"}
{"timestamp": null, "name": "werkzeug", "message": "\u001b[33mPress CTRL+C to quit\u001b[0m", "lineno": 97, "level": "INFO", "path": "/usr/local/lib/python3.11/site-packages/werkzeug/_internal.py"}
{"timestamp": null, "name": "root", "message": "\u041c\u043e\u0434\u0435\u043b\u044c \u0437\u0430\u0433\u0440\u0443\u0436\u0435\u043d\u0430 \u0443\u0441\u043f\u0435\u0448\u043d\u043e", "lineno": 48, "level": "INFO", "path": "/app/app/main.py"}
{"timestamp": null, "name": "src.preprocess", "message": "\u0417\u0430\u0433\u0440\u0443\u0436\u0435\u043d\u043e 151 \u0441\u0442\u043e\u043f-\u0441\u043b\u043e\u0432", "lineno": 85, "level": "INFO", "path": "/app/src/preprocess.py"}
{"timestamp": null, "name": "src.preprocess", "message": "\u0418\u043d\u0438\u0446\u0438\u0430\u043b\u0438\u0437\u0430\u0446\u0438\u044f \u043f\u0440\u043e\u0441\u0442\u043e\u0433\u043e \u0441\u0442\u0435\u043c\u043c\u0435\u0440\u0430...", "lineno": 93, "level": "INFO", "path": "/app/src/preprocess.py"}
{"timestamp": null, "name": "src.preprocess", "message": "\u0421\u0442\u0435\u043c\u043c\u0435\u0440 \u0438\u043d\u0438\u0446\u0438\u0430\u043b\u0438\u0437\u0438\u0440\u043e\u0432\u0430\u043d", "lineno": 95, "level": "INFO", "path": "/app/src/preprocess.py"}
{"timestamp": null, "name": "app.middleware", "message": "CORS middleware enabled", "lineno": 160, "level": "INFO", "path": "/app/app/middleware.py"}
{"timestamp": null, "name": "app.middleware", "message": "Metrics server started on port 9090", "lineno": 231, "level": "INFO", "path": "/app/app/middleware.py"}
{"timestamp": null, "name": "app.middleware", "message": "Caching middleware enabled", "lineno": 259, "level": "INFO", "path": "/app/app/middleware.py"}
{"timestamp": null, "name": "app.api", "message": "API \u0438\u043d\u0438\u0446\u0438\u0430\u043b\u0438\u0437\u0438\u0440\u043e\u0432\u0430\u043d\u043e", "lineno": 61, "level": "INFO", "path": "/app/app/api.py"}
{"timestamp": null, "name": "root", "message": "\u0417\u0430\u043f\u0443\u0441\u043a \u043f\u0440\u0438\u043b\u043e\u0436\u0435\u043d\u0438\u044f \u043d\u0430 0.0.0.0:5000, debug=False", "lineno": 78, "level": "INFO", "path": "/app/app/main.py"}
{"timestamp": null, "name": "werkzeug", "message": "\u001b[31m\u001b[1mWARNING: This is a development server. Do not use it in a production deployment. Use a production WSGI server instead.\u001b[0m\n * Running on all addresses (0.0.0.0)\n * Running on http://127.0.0.1:5000\n * Running on http://172.18.0.2:5000", "lineno": 97, "level": "INFO", "path": "/usr/local/lib/python3.11/site-packages/werkzeug/_internal.py"}
{"timestamp": null, "name": "werkzeug", "message": "\u001b[33mPress CTRL+C to quit\u001b[0m", "lineno": 97, "level": "INFO", "path": "/usr/local/lib/python3.11/site-packages/werkzeug/_internal.py"}
{"timestamp": null, "name": "request", "message": "Request completed: GET /api/health 200 0.59ms", "lineno": 130, "request_id": "16f21da3-ed44-4542-8ccd-1957bd0e5a39", "method": "GET", "path": "/app/app/middleware.py", "status": 200, "duration": 0.5872249603271484, "remote_addr": "172.18.0.1", "user_agent": null, "level": "INFO"}
{"timestamp": null, "name": "werkzeug", "message": "172.18.0.1 - - [10/Apr/2025 20:48:37] \"GET /api/health HTTP/1.1\" 200 -", "lineno": 97, "level": "INFO", "path": "/usr/local/lib/python3.11/site-packages/werkzeug/_internal.py"}
{"timestamp": null, "name": "request", "message": "Request completed: GET /api/categories 200 0.55ms", "lineno": 130, "request_id": "130ace2c-86b4-491d-bd5d-797909a788da", "method": "GET", "path": "/app/app/middleware.py", "status": 200, "duration": 0.5481243133544922, "remote_addr": "172.18.0.1", "user_agent": null, "level": "INFO"}
{"timestamp": null, "name": "werkzeug", "message": "172.18.0.1 - - [10/Apr/2025 20:49:02] \"GET /api/categories HTTP/1.1\" 200 -", "lineno": 97, "level": "INFO", "path": "/usr/local/lib/python3.11/site-packages/werkzeug/_internal.py"}
{"timestamp": null, "name": "request", "message": "Request completed: GET /api/health 200 0.81ms", "lineno": 130, "request_id": "5d1b2ba6-445d-4f04-bb8d-44d1ccedb9d7", "method": "GET", "path": "/app/app/middleware.py", "status": 200, "duration": 0.8075237274169922, "remote_addr": "172.18.0.1", "user_agent": null, "level": "INFO"}
{"timestamp": null, "name": "werkzeug", "message": "172.18.0.1 - - [10/Apr/2025 20:50:02] \"GET /api/health HTTP/1.1\" 200 -", "lineno": 97, "level": "INFO", "path": "/usr/local/lib/python3.11/site-packages/werkzeug/_internal.py"}
{"timestamp": null, "name": "request", "message": "Request completed: GET /favicon.ico 404 1.45ms", "lineno": 130, "request_id": "91a3103f-b2e6-4567-a488-588a6dfca3f3", "method": "GET", "path": "/app/app/middleware.py", "status": 404, "duration": 1.4498233795166016, "remote_addr": "172.18.0.1", "user_agent": null, "level": "INFO"}
{"timestamp": null, "name": "werkzeug", "message": "172.18.0.1 - - [10/Apr/2025 20:50:03] \"\u001b[33mGET /favicon.ico HTTP/1.1\u001b[0m\" 404 -", "lineno": 97, "level": "INFO", "path": "/usr/local/lib/python3.11/site-packages/werkzeug/_internal.py"}
{"timestamp": null, "name": "app.api", "message": "\u0424\u0443\u043d\u043a\u0446\u0438\u044f predict \u0432\u044b\u043f\u043e\u043b\u043d\u0435\u043d\u0430 \u0437\u0430 0.0468 \u0441\u0435\u043a.", "lineno": 36, "level": "INFO", "path": "/app/app/api.py"}
{"timestamp": null, "name": "request", "message": "Request completed: POST /api/predict 200 47.82ms", "lineno": 130, "request_id": "4928cc4b-eac4-408e-b24e-5ef05cf9474b", "method": "POST", "path": "/app/app/middleware.py", "status": 200, "duration": 47.82366752624512, "remote_addr": "172.18.0.1", "user_agent": null, "level": "INFO"}
{"timestamp": null, "name": "werkzeug", "message": "172.18.0.1 - - [10/Apr/2025 20:50:36] \"POST /api/predict HTTP/1.1\" 200 -", "lineno": 97, "level": "INFO", "path": "/usr/local/lib/python3.11/site-packages/werkzeug/_internal.py"}
{"timestamp": null, "name": "app.api", "message": "\u0424\u0443\u043d\u043a\u0446\u0438\u044f predict \u0432\u044b\u043f\u043e\u043b\u043d\u0435\u043d\u0430 \u0437\u0430 0.0004 \u0441\u0435\u043a.", "lineno": 36, "level": "INFO", "path": "/app/app/api.py"}
{"timestamp": null, "name": "request", "message": "Request completed: POST /api/predict 400 1.80ms", "lineno": 130, "request_id": "b1e4541d-53ce-4186-987b-1474bc260ad4", "method": "POST", "path": "/app/app/middleware.py", "status": 400, "duration": 1.8010139465332031, "remote_addr": "172.18.0.1", "user_agent": null, "level": "INFO"}
{"timestamp": null, "name": "werkzeug", "message": "172.18.0.1 - - [10/Apr/2025 20:53:18] \"\u001b[31m\u001b[1mPOST /api/predict HTTP/1.1\u001b[0m\" 400 -", "lineno": 97, "level": "INFO", "path": "/usr/local/lib/python3.11/site-packages/werkzeug/_internal.py"}
{"timestamp": null, "name": "app.api", "message": "\u041e\u0448\u0438\u0431\u043a\u0430 \u043f\u0440\u0438 \u0432\u044b\u043f\u043e\u043b\u043d\u0435\u043d\u0438\u0438 \u043f\u0440\u0435\u0434\u0441\u043a\u0430\u0437\u0430\u043d\u0438\u044f: 400 Bad Request: The browser (or proxy) sent a request that this server could not understand.", "lineno": 146, "level": "ERROR", "path": "/app/app/api.py"}
{"timestamp": null, "name": "app.api", "message": "Traceback (most recent call last):\n  File \"/usr/local/lib/python3.11/site-packages/werkzeug/wrappers/request.py\", line 611, in get_json\n    rv = self.json_module.loads(data)\n         ^^^^^^^^^^^^^^^^^^^^^^^^^^^^\n  File \"/usr/local/lib/python3.11/site-packages/flask/json/provider.py\", line 188, in loads\n    return json.loads(s, **kwargs)\n           ^^^^^^^^^^^^^^^^^^^^^^^\n  File \"/usr/local/lib/python3.11/json/__init__.py\", line 346, in loads\n    return _default_decoder.decode(s)\n           ^^^^^^^^^^^^^^^^^^^^^^^^^^\n  File \"/usr/local/lib/python3.11/json/decoder.py\", line 337, in decode\n    obj, end = self.raw_decode(s, idx=_w(s, 0).end())\n               ^^^^^^^^^^^^^^^^^^^^^^^^^^^^^^^^^^^^^^\n  File \"/usr/local/lib/python3.11/json/decoder.py\", line 353, in raw_decode\n    obj, end = self.scan_once(s, idx)\n               ^^^^^^^^^^^^^^^^^^^^^^\njson.decoder.JSONDecodeError: Unterminated string starting at: line 1 column 10 (char 9)\n\nDuring handling of the above exception, another exception occurred:\n\nTraceback (most recent call last):\n  File \"/usr/local/lib/python3.11/site-packages/flask/wrappers.py\", line 130, in on_json_loading_failed\n    return super().on_json_loading_failed(e)\n           ^^^^^^^^^^^^^^^^^^^^^^^^^^^^^^^^^\n  File \"/usr/local/lib/python3.11/site-packages/werkzeug/wrappers/request.py\", line 645, in on_json_loading_failed\n    raise BadRequest(f\"Failed to decode JSON object: {e}\")\nwerkzeug.exceptions.BadRequest: 400 Bad Request: Failed to decode JSON object: Unterminated string starting at: line 1 column 10 (char 9)\n\nThe above exception was the direct cause of the following exception:\n\nTraceback (most recent call last):\n  File \"/app/app/api.py\", line 99, in predict\n    data = request.get_json()\n           ^^^^^^^^^^^^^^^^^^\n  File \"/usr/local/lib/python3.11/site-packages/werkzeug/wrappers/request.py\", line 620, in get_json\n    rv = self.on_json_loading_failed(e)\n         ^^^^^^^^^^^^^^^^^^^^^^^^^^^^^^\n  File \"/usr/local/lib/python3.11/site-packages/flask/wrappers.py\", line 135, in on_json_loading_failed\n    raise BadRequest() from e\nwerkzeug.exceptions.BadRequest: 400 Bad Request: The browser (or proxy) sent a request that this server could not understand.\n", "lineno": 147, "level": "ERROR", "path": "/app/app/api.py"}
{"timestamp": null, "name": "app.api", "message": "\u0424\u0443\u043d\u043a\u0446\u0438\u044f predict \u0432\u044b\u043f\u043e\u043b\u043d\u0435\u043d\u0430 \u0437\u0430 0.0142 \u0441\u0435\u043a.", "lineno": 36, "level": "INFO", "path": "/app/app/api.py"}
{"timestamp": null, "name": "request", "message": "Request completed: POST /api/predict 500 14.71ms", "lineno": 130, "request_id": "1ed6cf17-a8fe-482e-aae0-d38467b55065", "method": "POST", "path": "/app/app/middleware.py", "status": 500, "duration": 14.713764190673828, "remote_addr": "172.18.0.1", "user_agent": null, "level": "INFO"}
{"timestamp": null, "name": "werkzeug", "message": "172.18.0.1 - - [10/Apr/2025 20:53:47] \"\u001b[35m\u001b[1mPOST /api/predict HTTP/1.1\u001b[0m\" 500 -", "lineno": 97, "level": "INFO", "path": "/usr/local/lib/python3.11/site-packages/werkzeug/_internal.py"}
{"timestamp": null, "name": "app.api", "message": "\u041e\u0448\u0438\u0431\u043a\u0430 \u043f\u0440\u0438 \u0432\u044b\u043f\u043e\u043b\u043d\u0435\u043d\u0438\u0438 \u043f\u0440\u0435\u0434\u0441\u043a\u0430\u0437\u0430\u043d\u0438\u044f: 400 Bad Request: The browser (or proxy) sent a request that this server could not understand.", "lineno": 146, "level": "ERROR", "path": "/app/app/api.py"}
{"timestamp": null, "name": "app.api", "message": "Traceback (most recent call last):\n  File \"/usr/local/lib/python3.11/site-packages/werkzeug/wrappers/request.py\", line 611, in get_json\n    rv = self.json_module.loads(data)\n         ^^^^^^^^^^^^^^^^^^^^^^^^^^^^\n  File \"/usr/local/lib/python3.11/site-packages/flask/json/provider.py\", line 188, in loads\n    return json.loads(s, **kwargs)\n           ^^^^^^^^^^^^^^^^^^^^^^^\n  File \"/usr/local/lib/python3.11/json/__init__.py\", line 346, in loads\n    return _default_decoder.decode(s)\n           ^^^^^^^^^^^^^^^^^^^^^^^^^^\n  File \"/usr/local/lib/python3.11/json/decoder.py\", line 337, in decode\n    obj, end = self.raw_decode(s, idx=_w(s, 0).end())\n               ^^^^^^^^^^^^^^^^^^^^^^^^^^^^^^^^^^^^^^\n  File \"/usr/local/lib/python3.11/json/decoder.py\", line 353, in raw_decode\n    obj, end = self.scan_once(s, idx)\n               ^^^^^^^^^^^^^^^^^^^^^^\njson.decoder.JSONDecodeError: Invalid \\escape: line 1 column 11 (char 10)\n\nDuring handling of the above exception, another exception occurred:\n\nTraceback (most recent call last):\n  File \"/usr/local/lib/python3.11/site-packages/flask/wrappers.py\", line 130, in on_json_loading_failed\n    return super().on_json_loading_failed(e)\n           ^^^^^^^^^^^^^^^^^^^^^^^^^^^^^^^^^\n  File \"/usr/local/lib/python3.11/site-packages/werkzeug/wrappers/request.py\", line 645, in on_json_loading_failed\n    raise BadRequest(f\"Failed to decode JSON object: {e}\")\nwerkzeug.exceptions.BadRequest: 400 Bad Request: Failed to decode JSON object: Invalid \\escape: line 1 column 11 (char 10)\n\nThe above exception was the direct cause of the following exception:\n\nTraceback (most recent call last):\n  File \"/app/app/api.py\", line 99, in predict\n    data = request.get_json()\n           ^^^^^^^^^^^^^^^^^^\n  File \"/usr/local/lib/python3.11/site-packages/werkzeug/wrappers/request.py\", line 620, in get_json\n    rv = self.on_json_loading_failed(e)\n         ^^^^^^^^^^^^^^^^^^^^^^^^^^^^^^\n  File \"/usr/local/lib/python3.11/site-packages/flask/wrappers.py\", line 135, in on_json_loading_failed\n    raise BadRequest() from e\nwerkzeug.exceptions.BadRequest: 400 Bad Request: The browser (or proxy) sent a request that this server could not understand.\n", "lineno": 147, "level": "ERROR", "path": "/app/app/api.py"}
{"timestamp": null, "name": "app.api", "message": "\u0424\u0443\u043d\u043a\u0446\u0438\u044f predict \u0432\u044b\u043f\u043e\u043b\u043d\u0435\u043d\u0430 \u0437\u0430 0.0023 \u0441\u0435\u043a.", "lineno": 36, "level": "INFO", "path": "/app/app/api.py"}
{"timestamp": null, "name": "request", "message": "Request completed: POST /api/predict 500 2.77ms", "lineno": 130, "request_id": "e5794d5d-2e3b-4438-bc2c-0709486b61b8", "method": "POST", "path": "/app/app/middleware.py", "status": 500, "duration": 2.768278121948242, "remote_addr": "172.18.0.1", "user_agent": null, "level": "INFO"}
{"timestamp": null, "name": "werkzeug", "message": "172.18.0.1 - - [10/Apr/2025 20:54:23] \"\u001b[35m\u001b[1mPOST /api/predict HTTP/1.1\u001b[0m\" 500 -", "lineno": 97, "level": "INFO", "path": "/usr/local/lib/python3.11/site-packages/werkzeug/_internal.py"}
{"timestamp": null, "name": "app.api", "message": "\u0424\u0443\u043d\u043a\u0446\u0438\u044f predict \u0432\u044b\u043f\u043e\u043b\u043d\u0435\u043d\u0430 \u0437\u0430 0.0039 \u0441\u0435\u043a.", "lineno": 36, "level": "INFO", "path": "/app/app/api.py"}
{"timestamp": null, "name": "request", "message": "Request completed: POST /api/predict 200 4.48ms", "lineno": 130, "request_id": "8d14ae71-67f6-46c9-a8e7-4c6e2910482e", "method": "POST", "path": "/app/app/middleware.py", "status": 200, "duration": 4.477262496948242, "remote_addr": "172.18.0.1", "user_agent": null, "level": "INFO"}
{"timestamp": null, "name": "werkzeug", "message": "172.18.0.1 - - [10/Apr/2025 20:54:48] \"POST /api/predict HTTP/1.1\" 200 -", "lineno": 97, "level": "INFO", "path": "/usr/local/lib/python3.11/site-packages/werkzeug/_internal.py"}
{"timestamp": null, "name": "app.api", "message": "\u0424\u0443\u043d\u043a\u0446\u0438\u044f predict \u0432\u044b\u043f\u043e\u043b\u043d\u0435\u043d\u0430 \u0437\u0430 0.0001 \u0441\u0435\u043a.", "lineno": 36, "level": "INFO", "path": "/app/app/api.py"}
{"timestamp": null, "name": "request", "message": "Request completed: POST /api/predict 400 0.78ms", "lineno": 130, "request_id": "32e17613-ea0a-4e61-a4b9-02f50da89917", "method": "POST", "path": "/app/app/middleware.py", "status": 400, "duration": 0.7762908935546875, "remote_addr": "172.18.0.1", "user_agent": null, "level": "INFO"}
{"timestamp": null, "name": "werkzeug", "message": "172.18.0.1 - - [10/Apr/2025 20:55:27] \"\u001b[31m\u001b[1mPOST /api/predict HTTP/1.1\u001b[0m\" 400 -", "lineno": 97, "level": "INFO", "path": "/usr/local/lib/python3.11/site-packages/werkzeug/_internal.py"}
{"timestamp": null, "name": "app.api", "message": "\u0424\u0443\u043d\u043a\u0446\u0438\u044f predict \u0432\u044b\u043f\u043e\u043b\u043d\u0435\u043d\u0430 \u0437\u0430 0.0040 \u0441\u0435\u043a.", "lineno": 36, "level": "INFO", "path": "/app/app/api.py"}
{"timestamp": null, "name": "request", "message": "Request completed: POST /api/predict 200 5.12ms", "lineno": 130, "request_id": "33de56f5-face-4e37-a62e-9f74f5983d83", "method": "POST", "path": "/app/app/middleware.py", "status": 200, "duration": 5.123376846313477, "remote_addr": "172.18.0.1", "user_agent": null, "level": "INFO"}
{"timestamp": null, "name": "werkzeug", "message": "172.18.0.1 - - [10/Apr/2025 20:59:08] \"POST /api/predict HTTP/1.1\" 200 -", "lineno": 97, "level": "INFO", "path": "/usr/local/lib/python3.11/site-packages/werkzeug/_internal.py"}
{"timestamp": null, "name": "app.api", "message": "\u0424\u0443\u043d\u043a\u0446\u0438\u044f predict \u0432\u044b\u043f\u043e\u043b\u043d\u0435\u043d\u0430 \u0437\u0430 0.0029 \u0441\u0435\u043a.", "lineno": 36, "level": "INFO", "path": "/app/app/api.py"}
{"timestamp": null, "name": "request", "message": "Request completed: POST /api/predict 200 3.86ms", "lineno": 130, "request_id": "11526332-45d5-4c40-bd7e-6a0a40c7425f", "method": "POST", "path": "/app/app/middleware.py", "status": 200, "duration": 3.855466842651367, "remote_addr": "172.18.0.1", "user_agent": null, "level": "INFO"}
{"timestamp": null, "name": "werkzeug", "message": "172.18.0.1 - - [10/Apr/2025 20:59:20] \"POST /api/predict HTTP/1.1\" 200 -", "lineno": 97, "level": "INFO", "path": "/usr/local/lib/python3.11/site-packages/werkzeug/_internal.py"}
{"timestamp": null, "name": "app.api", "message": "\u0424\u0443\u043d\u043a\u0446\u0438\u044f predict \u0432\u044b\u043f\u043e\u043b\u043d\u0435\u043d\u0430 \u0437\u0430 0.0052 \u0441\u0435\u043a.", "lineno": 36, "level": "INFO", "path": "/app/app/api.py"}
{"timestamp": null, "name": "request", "message": "Request completed: POST /api/predict 200 6.63ms", "lineno": 130, "request_id": "81dab7f8-a3c4-4100-a6b6-5977d19b2221", "method": "POST", "path": "/app/app/middleware.py", "status": 200, "duration": 6.631612777709961, "remote_addr": "172.18.0.1", "user_agent": null, "level": "INFO"}
{"timestamp": null, "name": "werkzeug", "message": "172.18.0.1 - - [10/Apr/2025 20:59:30] \"POST /api/predict HTTP/1.1\" 200 -", "lineno": 97, "level": "INFO", "path": "/usr/local/lib/python3.11/site-packages/werkzeug/_internal.py"}
{"timestamp": null, "name": "app.api", "message": "\u0424\u0443\u043d\u043a\u0446\u0438\u044f predict \u0432\u044b\u043f\u043e\u043b\u043d\u0435\u043d\u0430 \u0437\u0430 0.0043 \u0441\u0435\u043a.", "lineno": 36, "level": "INFO", "path": "/app/app/api.py"}
{"timestamp": null, "name": "request", "message": "Request completed: POST /api/predict 200 5.15ms", "lineno": 130, "request_id": "a8972d87-a2df-47a0-8df3-26c4e886d191", "method": "POST", "path": "/app/app/middleware.py", "status": 200, "duration": 5.153894424438477, "remote_addr": "172.18.0.1", "user_agent": null, "level": "INFO"}
{"timestamp": null, "name": "werkzeug", "message": "172.18.0.1 - - [10/Apr/2025 20:59:44] \"POST /api/predict HTTP/1.1\" 200 -", "lineno": 97, "level": "INFO", "path": "/usr/local/lib/python3.11/site-packages/werkzeug/_internal.py"}
{"timestamp": null, "name": "app.api", "message": "\u0424\u0443\u043d\u043a\u0446\u0438\u044f predict \u0432\u044b\u043f\u043e\u043b\u043d\u0435\u043d\u0430 \u0437\u0430 0.0034 \u0441\u0435\u043a.", "lineno": 36, "level": "INFO", "path": "/app/app/api.py"}
{"timestamp": null, "name": "request", "message": "Request completed: POST /api/predict 200 3.96ms", "lineno": 130, "request_id": "4af00e8e-e1e6-449a-b690-62159b8541b2", "method": "POST", "path": "/app/app/middleware.py", "status": 200, "duration": 3.9644241333007812, "remote_addr": "172.18.0.1", "user_agent": null, "level": "INFO"}
{"timestamp": null, "name": "werkzeug", "message": "172.18.0.1 - - [10/Apr/2025 20:59:51] \"POST /api/predict HTTP/1.1\" 200 -", "lineno": 97, "level": "INFO", "path": "/usr/local/lib/python3.11/site-packages/werkzeug/_internal.py"}
{"timestamp": null, "name": "app.api", "message": "\u0424\u0443\u043d\u043a\u0446\u0438\u044f predict \u0432\u044b\u043f\u043e\u043b\u043d\u0435\u043d\u0430 \u0437\u0430 0.0030 \u0441\u0435\u043a.", "lineno": 36, "level": "INFO", "path": "/app/app/api.py"}
{"timestamp": null, "name": "request", "message": "Request completed: POST /api/predict 200 3.66ms", "lineno": 130, "request_id": "2f585248-9ce9-41c9-8c2e-1f7ff2f60211", "method": "POST", "path": "/app/app/middleware.py", "status": 200, "duration": 3.662109375, "remote_addr": "172.18.0.1", "user_agent": null, "level": "INFO"}
{"timestamp": null, "name": "werkzeug", "message": "172.18.0.1 - - [10/Apr/2025 20:59:59] \"POST /api/predict HTTP/1.1\" 200 -", "lineno": 97, "level": "INFO", "path": "/usr/local/lib/python3.11/site-packages/werkzeug/_internal.py"}
{"timestamp": null, "name": "app.api", "message": "\u0424\u0443\u043d\u043a\u0446\u0438\u044f predict \u0432\u044b\u043f\u043e\u043b\u043d\u0435\u043d\u0430 \u0437\u0430 0.0022 \u0441\u0435\u043a.", "lineno": 36, "level": "INFO", "path": "/app/app/api.py"}
{"timestamp": null, "name": "request", "message": "Request completed: POST /api/predict 200 2.78ms", "lineno": 130, "request_id": "dd028c38-68c2-4bed-a2d2-a704bb23456e", "method": "POST", "path": "/app/app/middleware.py", "status": 200, "duration": 2.7837753295898438, "remote_addr": "172.18.0.1", "user_agent": null, "level": "INFO"}
{"timestamp": null, "name": "werkzeug", "message": "172.18.0.1 - - [10/Apr/2025 21:00:07] \"POST /api/predict HTTP/1.1\" 200 -", "lineno": 97, "level": "INFO", "path": "/usr/local/lib/python3.11/site-packages/werkzeug/_internal.py"}
{"timestamp": null, "name": "app.api", "message": "\u0424\u0443\u043d\u043a\u0446\u0438\u044f predict \u0432\u044b\u043f\u043e\u043b\u043d\u0435\u043d\u0430 \u0437\u0430 0.0069 \u0441\u0435\u043a.", "lineno": 36, "level": "INFO", "path": "/app/app/api.py"}
{"timestamp": null, "name": "request", "message": "Request completed: POST /api/predict 200 10.28ms", "lineno": 130, "request_id": "e1315ef7-ff24-445d-90ee-58095d55acbd", "method": "POST", "path": "/app/app/middleware.py", "status": 200, "duration": 10.280370712280273, "remote_addr": "172.18.0.1", "user_agent": null, "level": "INFO"}
{"timestamp": null, "name": "werkzeug", "message": "172.18.0.1 - - [10/Apr/2025 21:00:18] \"POST /api/predict HTTP/1.1\" 200 -", "lineno": 97, "level": "INFO", "path": "/usr/local/lib/python3.11/site-packages/werkzeug/_internal.py"}
{"timestamp": null, "name": "request", "message": "Request completed: GET /favicon.ico 404 89.32ms", "lineno": 130, "request_id": "f477ba13-a870-44d5-8282-a7eb07454991", "method": "GET", "path": "/app/app/middleware.py", "status": 404, "duration": 89.32065963745117, "remote_addr": "172.18.0.1", "user_agent": null, "level": "INFO"}
{"timestamp": null, "name": "werkzeug", "message": "172.18.0.1 - - [10/Apr/2025 21:02:32] \"\u001b[33mGET /favicon.ico HTTP/1.1\u001b[0m\" 404 -", "lineno": 97, "level": "INFO", "path": "/usr/local/lib/python3.11/site-packages/werkzeug/_internal.py"}
